DEBUG:root:000000, 25
DEBUG:root:001000, 23
DEBUG:root:002000, 0
DEBUG:root:003000, 6
DEBUG:root:004000, 2
DEBUG:root:005000, 11
DEBUG:root:006000, 0
DEBUG:root:007000, 3
DEBUG:root:008000, 5
DEBUG:root:009000, 19
DEBUG:root:010000, 2
DEBUG:root:011000, 15
DEBUG:root:012000, 0
DEBUG:root:013000, 23
DEBUG:root:014000, 1
DEBUG:root:015000, 10
DEBUG:root:016000, 1
DEBUG:root:017000, 26
DEBUG:root:018000, 23
DEBUG:root:019000, 9
DEBUG:root:020000, 1
DEBUG:root:021000, 0
DEBUG:root:022000, 4
DEBUG:root:023000, 15
DEBUG:root:024000, 0
DEBUG:root:025000, 3
DEBUG:root:026000, 0
DEBUG:root:027000, 1
DEBUG:root:028000, 4
DEBUG:root:029000, 1
DEBUG:root:030000, 22
DEBUG:root:031000, 24
DEBUG:root:032000, 13
DEBUG:root:033000, 14
DEBUG:root:034000, 6
DEBUG:root:035000, 4
DEBUG:root:036000, 22
DEBUG:root:037000, 9
DEBUG:root:038000, 1
DEBUG:root:039000, 3
DEBUG:root:040000, 22
DEBUG:root:041000, 1
DEBUG:root:042000, 6
DEBUG:root:043000, 0
DEBUG:root:044000, 5
DEBUG:root:045000, 9
DEBUG:root:046000, 15
DEBUG:root:047000, 18
DEBUG:root:048000, 0
DEBUG:root:049000, 5
DEBUG:root:050000, 12
DEBUG:root:051000, 21
DEBUG:root:052000, 0
DEBUG:root:053000, 0
DEBUG:root:054000, 6
DEBUG:root:055000, 2
DEBUG:root:056000, 3
DEBUG:root:057000, 2
DEBUG:root:058000, 14
DEBUG:root:059000, 18
DEBUG:root:060000, 16
DEBUG:root:061000, 9
DEBUG:root:062000, 1
DEBUG:root:063000, 19
DEBUG:root:064000, 0
DEBUG:root:065000, 19
DEBUG:root:066000, 15
DEBUG:root:067000, 20
DEBUG:root:068000, 1
DEBUG:root:069000, 16
DEBUG:root:070000, 5
DEBUG:root:071000, 0
DEBUG:root:072000, 20
DEBUG:root:073000, 19
DEBUG:root:074000, 6
DEBUG:root:075000, 1
DEBUG:root:076000, 12
DEBUG:root:077000, 0
DEBUG:root:078000, 2
DEBUG:root:079000, 1
DEBUG:root:080000, 18
DEBUG:root:081000, 8
DEBUG:root:082000, 20
DEBUG:root:083000, 23
DEBUG:root:084000, 15
DEBUG:root:085000, 3
DEBUG:root:086000, 1
DEBUG:root:087000, 5
DEBUG:root:088000, 29
DEBUG:root:089000, 0
DEBUG:root:090000, 0
DEBUG:root:091000, 6
DEBUG:root:092000, 0
DEBUG:root:093000, 3
DEBUG:root:094000, 2
DEBUG:root:095000, 7
DEBUG:root:096000, 1
DEBUG:root:097000, 4
DEBUG:root:098000, 15
DEBUG:root:099000, 9
DEBUG:root:100000, 1
DEBUG:root:101000, 0
DEBUG:root:102000, 4
DEBUG:root:103000, 2
DEBUG:root:104000, 18
DEBUG:root:105000, 21
DEBUG:root:106000, 11
DEBUG:root:107000, 4
DEBUG:root:108000, 1
DEBUG:root:109000, 14
DEBUG:root:110000, 7
DEBUG:root:111000, 0
DEBUG:root:112000, 3
DEBUG:root:113000, 0
DEBUG:root:114000, 9
DEBUG:root:115000, 10
DEBUG:root:116000, 1
DEBUG:root:117000, 20
DEBUG:root:118000, 16
DEBUG:root:119000, 0
DEBUG:root:120000, 6
DEBUG:root:121000, 17
DEBUG:root:122000, 1
DEBUG:root:123000, 0
DEBUG:root:124000, 10
DEBUG:root:125000, 10
DEBUG:root:126000, 0
DEBUG:root:127000, 21
DEBUG:root:128000, 21
DEBUG:root:129000, 0
DEBUG:root:130000, 1
DEBUG:root:131000, 2
DEBUG:root:132000, 1
DEBUG:root:133000, 14
DEBUG:root:134000, 21
DEBUG:root:135000, 2
DEBUG:root:136000, 5
DEBUG:root:137000, 15
DEBUG:root:138000, 7
DEBUG:root:139000, 0
DEBUG:root:140000, 1
DEBUG:root:141000, 3
DEBUG:root:142000, 19
DEBUG:root:143000, 14
DEBUG:root:144000, 21
DEBUG:root:145000, 17
DEBUG:root:146000, 18
DEBUG:root:147000, 24
DEBUG:root:148000, 18
DEBUG:root:149000, 18
DEBUG:root:150000, 2
DEBUG:root:151000, 13
DEBUG:root:152000, 7
DEBUG:root:153000, 1
DEBUG:root:154000, 1
DEBUG:root:155000, 1
DEBUG:root:156000, 13
DEBUG:root:157000, 16
DEBUG:root:158000, 16
DEBUG:root:159000, 7
DEBUG:root:160000, 0
DEBUG:root:161000, 0
DEBUG:root:162000, 7
DEBUG:root:163000, 12
DEBUG:root:164000, 2
DEBUG:root:165000, 1
DEBUG:root:166000, 0
DEBUG:root:167000, 9
DEBUG:root:168000, 0
DEBUG:root:169000, 2
DEBUG:root:170000, 13
DEBUG:root:171000, 15
DEBUG:root:172000, 8
DEBUG:root:173000, 19
DEBUG:root:174000, 12
DEBUG:root:175000, 0
DEBUG:root:176000, 1
DEBUG:root:177000, 0
DEBUG:root:178000, 1
DEBUG:root:179000, 15
DEBUG:root:180000, 14
DEBUG:root:181000, 1
DEBUG:root:182000, 0
DEBUG:root:183000, 0
DEBUG:root:184000, 1
DEBUG:root:185000, 1
DEBUG:root:186000, 6
DEBUG:root:187000, 0
DEBUG:root:188000, 0
DEBUG:root:189000, 0
DEBUG:root:190000, 0
DEBUG:root:191000, 2
DEBUG:root:192000, 15
DEBUG:root:193000, 2
DEBUG:root:194000, 1
DEBUG:root:195000, 0
DEBUG:root:196000, 0
DEBUG:root:197000, 3
DEBUG:root:198000, 0
DEBUG:root:199000, 3
